

[16:49:24]:
Location: show in Nashville at Nissan Stadium 5/
Price: $73

[16:49:24]:
Location: show in Detroit at Ford Field Stadium  on 6/
Price: $258

[16:50:35]:
Location: Nashville at Nissan Stadium
Price: $73

[16:50:35]:
Location: Detroit at Ford Field Stadium
Price: $258

[16:52:33]:
Location: Nashville at Nissan Stadium
Price: $73

[16:52:33]:
Location: Detroit at Ford Field Stadium
Price: $258

[16:52:50]:
Location: Nashville at Nissan Stadium
Price: $73

[16:52:50]:
Location: Detroit at Ford Field Stadium
Price: $258

[16:53:12]:
Location: Nashville at Nissan Stadium
Price: $73

[16:53:12]:
Location: Detroit at Ford Field Stadium
Price: $258

[16:53:34]:
Location: Nashville at Nissan Stadium
Price: $73
Quantity: 1

[16:53:34]:
Location: Detroit at Ford Field Stadium
Price: $258
Quantity: 2

[17:13:38]:
Location: Nashville at Nissan Stadium
Price: $73
Quantity: 1

[17:13:38]:
Location: Detroit at Ford Field Stadium
Price: $258
Quantity: 2

[17:13:52]:
Location: Nashville at Nissan Stadium
Price: $73
Quantity: 1

[17:13:52]:
Location: Detroit at Ford Field Stadium
Price: $258
Quantity: 2

[17:14:26]:
Location: Nashville at Nissan Stadium
Price: $73
Quantity: 1

[17:14:26]:
Location: Detroit at Ford Field Stadium
Price: $258
Quantity: 2

[17:17:48]:
Location: Nashville at Nissan Stadium
Price: $73
Quantity: 1

[17:17:48]:
Location: Detroit at Ford Field Stadium
Price: $258
Quantity: 2

[17:18:21]:
Location: Nashville at Nissan Stadium
Price: $73
Quantity: 1

[17:18:21]:
Location: Detroit at Ford Field Stadium
Price: $258
Quantity: 2

[17:18:55]:
Location: Nashville at Nissan Stadium
Price: $73
Quantity: 1

[17:18:55]:
Location: Detroit at Ford Field Stadium
Price: $258
Quantity: 2

[17:19:10]:
Location: Nashville at Nissan Stadium
Price: $73
Quantity: 1

[17:19:10]:
Location: Detroit at Ford Field Stadium
Price: $258
Quantity: 2

[17:19:41]:
Location: Nashville at Nissan Stadium
Price: $73
Quantity: 1

[17:19:41]:
Location: Detroit at Ford Field Stadium
Price: $258
Quantity: 2

[17:20:14]:
Location: Nashville at Nissan Stadium
Price: $73
Quantity: 1

[17:20:14]:
Location: Detroit at Ford Field Stadium
Price: $258
Quantity: 2

[17:22:5]:
Location: Nashville at Nissan Stadium
Price: $73
Quantity: 1

[17:22:5]:
Location: Detroit at Ford Field Stadium
Price: $258
Quantity: 2

[17:22:23]:
Location: Nashville at Nissan Stadium
Price: $73
Quantity: 1

[17:22:23]:
Location: Detroit at Ford Field Stadium
Price: $258
Quantity: 2

[17:23:9]:
Location: Nashville at Nissan Stadium
Price: $73
Quantity: 1

[17:23:9]:
Location: Detroit at Ford Field Stadium
Price: $258
Quantity: 2

[17:24:11]:
Location: Nashville at Nissan Stadium
Price: $73
Quantity: 1

[17:24:11]:
Location: Detroit at Ford Field Stadium
Price: $258
Quantity: 2

[17:25:52]:
Location: Nashville at Nissan Stadium
Price: $1
Quantity: 1

[17:26:33]:
Location: Nashville at Nissan Stadium
Price: $73
Quantity: 1

[17:26:33]:
Location: Detroit at Ford Field Stadium
Price: $258
Quantity: 2

[17:27:57]:
Location: Nashville at Nissan Stadium
Price: $73
Quantity: 1

[17:27:57]:
Location: Detroit at Ford Field Stadium
Price: $258
Quantity: 2

[17:35:17]:
Location: Nashville at Nissan Stadium
Price: $73
Quantity: 1

[17:35:17]:
Location: Detroit at Ford Field Stadium
Price: $258
Quantity: 2

[17:35:38]:
Location: Nashville at Nissan Stadium
Price: $73
Quantity: 1

[17:35:38]:
Location: Detroit at Ford Field Stadium
Price: $258
Quantity: 2

[17:36:2]:
Location: Nashville at Nissan Stadium
Price: $73
Quantity: 1

[17:36:2]:
Location: Detroit at Ford Field Stadium
Price: $258
Quantity: 2

[17:39:34]:
Location: Nashville at Nissan Stadium
Price: $73
Quantity: 1

[17:39:34]:
Location: Detroit at Ford Field Stadium
Price: $258
Quantity: 2

[17:40:30]:
Location: Nashville at Nissan Stadium
Price: $1
Quantity: 1

[17:40:59]:
Location: Nashville at Nissan Stadium
Price: $73
Quantity: 1

[17:41:30]:
Location: Nashville at Nissan Stadium
Price: $73
Quantity: 1

[17:42:28]:
Location: Nashville at Nissan Stadium
Price: $73
Quantity: 1

[17:42:28]:
Location: Detroit at Ford Field Stadium
Price: $258
Quantity: 2

[17:43:55]:
Location: Nashville at Nissan Stadium
Price: $73
Quantity: 1

[17:43:55]:
Location: Detroit at Ford Field Stadium
Price: $258
Quantity: 2

[17:45:51]:
Location: Nashville at Nissan Stadium
Price: $73
Quantity: 1

[17:45:51]:
Location: Detroit at Ford Field Stadium
Price: $258
Quantity: 2

[17:48:44]:
Location: Nashville at Nissan Stadium
Price: $73
Quantity: 1

[17:48:44]:
Location: Detroit at Ford Field Stadium
Price: $258
Quantity: 2

[17:49:20]:
Location: Nashville at Nissan Stadium
Price: $73
Quantity: 1

[17:50:20]:
Location: Nashville at Nissan Stadium
Price: $73
Quantity: 1

[17:51:26]:
Location: Nashville at Nissan Stadium
Price: $73
Quantity: 1

[17:58:41]:
Location: Nashville at Nissan Stadium
Price: $73
Quantity: 1

[17:58:41]:
Location: Detroit at Ford Field Stadium
Price: $258
Quantity: 2

[18:0:15]:
Location: Nashville at Nissan Stadium
Price: $73
Quantity: 1

[18:0:15]:
Location: Detroit at Ford Field Stadium
Price: $258
Quantity: 2

[18:3:51]:
Location: Nashville at Nissan Stadium
Price: $73
Quantity: 1

[18:3:51]:
Location: Detroit at Ford Field Stadium
Price: $258
Quantity: 2

[18:4:39]:
Location: Nashville at Nissan Stadium
Price: $73
Quantity: 1

[18:4:39]:
Location: Detroit at Ford Field Stadium
Price: $258
Quantity: 2

[18:5:15]:
Location: Nashville at Nissan Stadium
Price: $73
Quantity: 1

[18:5:15]:
Location: Detroit at Ford Field Stadium
Price: $258
Quantity: 2

[18:6:16]:
Location: Nashville at Nissan Stadium
Price: $73
Quantity: 1

[18:6:16]:
Location: Detroit at Ford Field Stadium
Price: $258
Quantity: 2

[18:10:58]:
Location: Nashville at Nissan Stadium
Price: $73
Quantity: 1

[20:51:57]:
Location: Nashville at Nissan Stadium
Price: $73
Quantity: 1

[20:54:51]:
Location: Nashville at Nissan Stadium
Price: $1
Quantity: 1

[20:56:43]:
Location: Nashville at Nissan Stadium
Price: $73
Quantity: 1

[20:57:44]:
Location: Nashville at Nissan Stadium
Price: $1
Quantity: 1

[20:59:17]:
Location: Nashville at Nissan Stadium
Price: $73
Quantity: 1

[20:59:17]:
Location: Detroit at Ford Field Stadium
Price: $258
Quantity: 2

[21:0:32]:
Location: Nashville at Nissan Stadium
Price: $73
Quantity: 1

[21:2:7]:
Location: Nashville at Nissan Stadium
Price: $73
Quantity: 1

[21:3:7]:
Location: Nashville at Nissan Stadium
Price: $73
Quantity: 1

[21:3:7]:
Location: Detroit at Ford Field Stadium
Price: $258
Quantity: 2

[21:4:27]:
Location: Nashville at Nissan Stadium
Price: $73
Quantity: 1

[21:4:27]:
Location: Detroit at Ford Field Stadium
Price: $258
Quantity: 2

[21:5:38]:
Location: Nashville at Nissan Stadium
Price: $73
Quantity: 1

[21:6:45]:
Location: Nashville at Nissan Stadium
Price: $73
Quantity: 1

[21:6:45]:
Location: Detroit at Ford Field Stadium
Price: $258
Quantity: 2

[21:14:59]:
Location: Nashville at Nissan Stadium
Price: $73
Quantity: 1

[21:17:38]:
Location: Nashville at Nissan Stadium
Price: $73
Quantity: 1

[21:17:38]:
Location: Detroit at Ford Field Stadium
Price: $258
Quantity: 2

[21:19:9]:
Location: Nashville at Nissan Stadium
Price: $73
Quantity: 1

[21:19:9]:
Location: Detroit at Ford Field Stadium
Price: $258
Quantity: 2

[21:20:12]:
Location: Nashville at Nissan Stadium
Price: $73
Quantity: 1

[21:20:12]:
Location: Detroit at Ford Field Stadium
Price: $258
Quantity: 2

[21:21:38]:
Location: Nashville at Nissan Stadium
Price: $73
Quantity: 1

[21:21:38]:
Location: Detroit at Ford Field Stadium
Price: $258
Quantity: 2

[21:23:27]:
Location: Nashville at Nissan Stadium
Price: $73
Quantity: 1

[21:23:27]:
Location: Detroit at Ford Field Stadium
Price: $258
Quantity: 2

[21:26:42]:
Location: Nashville at Nissan Stadium
Price: $73
Quantity: 1
Seller: heathrchurch

[21:26:42]:
Location: Detroit at Ford Field Stadium
Price: $258
Quantity: 2
Seller: Blankspace1060_

[21:31:13]:
Location: Nashville at Nissan Stadium
Price: $73
Quantity: 1
Seller: heathrchurch

[21:31:13]:
Location: Detroit at Ford Field Stadium
Price: $258
Quantity: 2
Seller: Blankspace1060_

[21:32:18]:
Location: Nashville at Nissan Stadium
Price: $73
Quantity: 1
Seller: heathrchurch

[21:32:18]:
Location: Detroit at Ford Field Stadium
Price: $258
Quantity: 2
Seller: Blankspace1060_

[21:33:45]:
Location: Nashville at Nissan Stadium
Price: $73
Quantity: 1
Seller: heathrchurch

[21:33:45]:
Location: Detroit at Ford Field Stadium
Price: $258
Quantity: 2
Seller: Blankspace1060_

[21:35:19]:
Location: Nashville at Nissan Stadium
Price: $73
Quantity: 1
Seller: heathrchurch

[21:35:19]:
Location: Detroit at Ford Field Stadium
Price: $258
Quantity: 2
Seller: Blankspace1060_

[21:37:13]:
Location: Nashville at Nissan Stadium
Price: $73
Quantity: 1
Seller: heathrchurch

[21:37:13]:
Location: Detroit at Ford Field Stadium
Price: $258
Quantity: 2
Seller: Blankspace1060_

[21:40:6]:
Location: Nashville at Nissan Stadium
Price: $1
Quantity: 1
Seller: heathrchurch

[21:42:15]:
Location: Nashville at Nissan Stadium
Price: $73
Quantity: 1
Seller: heathrchurch

[21:45:46]:
Location: Nashville at Nissan Stadium
Price: $1
Quantity: 1
Seller: heathrchurch

[21:47:40]:
Location: Nashville at Nissan Stadium
Price: $73
Quantity: 1
Seller: heathrchurch

[21:48:47]:
Location: Nashville at Nissan Stadium
Price: $73
Quantity: 1
Seller: heathrchurch

[21:48:47]:
Location: Detroit at Ford Field Stadium
Price: $258
Quantity: 2
Seller: Blankspace1060_

[23:8:21]:
Location: Nashville at Nissan Stadium
Price: $73
Quantity: 1
Seller: heathrchurch

[23:8:21]:
Location: Detroit at Ford Field Stadium
Price: $258
Quantity: 2
Seller: Blankspace1060_

[23:16:47]:
Location: Nashville at Nissan Stadium
Price: $73
Quantity: 1
Seller: heathrchurch

[23:17:48]:
Location: Nashville at Nissan Stadium
Price: $73
Quantity: 1
Seller: heathrchurch

[23:25:48]:
Location: Nashville at Nissan Stadium
Price: $1
Quantity: 1
Seller: heathrchurch

[23:26:57]:
Location: Nashville at Nissan Stadium
Price: $73
Quantity: 1
Seller: heathrchurch

[23:26:57]:
Location: Detroit at Ford Field Stadium
Price: $258
Quantity: 2
Seller: Blankspace1060_

[23:28:7]:
Location: Nashville at Nissan Stadium
Price: $73
Quantity: 1
Seller: heathrchurch

[23:28:7]:
Location: Detroit at Ford Field Stadium
Price: $258
Quantity: 2
Seller: Blankspace1060_

[23:35:1]:
Location: Nashville at Nissan Stadium
Price: $73
Quantity: 1
Seller: heathrchurch

[23:35:1]:
Location: Detroit at Ford Field Stadium
Price: $258
Quantity: 2
Seller: Blankspace1060_

[23:42:35]:
Location: Nashville at Nissan Stadium
Price: Selling for $73
Quantity: 1
Seller: heathrchurch

[23:42:35]:
Location: Detroit at Ford Field Stadium
Price: Selling for $258
Quantity: 2
Seller: Blankspace1060_

[23:45:13]:
Location: Nashville at Nissan Stadium
Price: Selling for $73
Quantity: 1
Seller: heathrchurch

[23:45:13]:
Location: Detroit at Ford Field Stadium
Price: Selling for $258
Quantity: 2
Seller: Blankspace1060_

[13:10:3]:
Location: Nashville at Nissan Stadium
Price: Selling for $1650
Quantity: 2
Seller: TolleLorrie

[13:10:3]:
Location: Nashville at Nissan Stadium
Price: Selling for $800
Quantity: 1
Seller: KatelynFitts

[13:11:22]:
Location: Nashville at Nissan Stadium
Price: Selling for $1650
Quantity: 2
Seller: TolleLorrie

[13:11:22]:
Location: Nashville at Nissan Stadium
Price: Selling for $800
Quantity: 1
Seller: KatelynFitts

[13:17:30]:
Location: Nashville at Nissan Stadium
Price: Selling for $335
Quantity: 1
Seller: allykat5895895

[13:17:30]:
Location: Nashville at Nissan Stadium
Price: Selling for $1650
Quantity: 2
Seller: TolleLorrie

[13:17:30]:
Location: Nashville at Nissan Stadium
Price: Selling for $800
Quantity: 1
Seller: KatelynFitts

[13:18:44]:
Location: Nashville at Nissan Stadium
Price: Selling for $335
Quantity: 1
Seller: allykat5895895

[13:18:44]:
Location: Nashville at Nissan Stadium
Price: Selling for $1650
Quantity: 2
Seller: TolleLorrie

[13:35:26]:
Location: Nashville at Nissan Stadium
Price: Selling for $742
Quantity: 3
Seller: hill12hannah

[17:33:8]:
Location: Nashville at Nissan Stadium
Price: Selling for $150
Quantity: 1
Seller: Just__4__Sales

[17:33:8]:
Location: Nashville at Nissan Stadium
Price: Selling for $1650
Quantity: 2
Seller: TolleLorrie

[17:49:42]:
Location: Nashville at Nissan Stadium
Price: Selling for $150
Quantity: 1
Seller: Just__4__Sales

[17:49:42]:
Location: Nashville at Nissan Stadium
Price: Selling for $1650
Quantity: 2
Seller: TolleLorrie

[17:59:30]:
Location: Nashville at Nissan Stadium
Price: $150
Quantity: 1
Seller: Just4Sales

[18:0:37]:
Location: Nashville at Nissan Stadium
Price: $150
Quantity: 1
Seller: Just4Sales

[18:3:52]:
Location: Nashville at Nissan Stadium
Price: $1650
Quantity: 2
Seller: TolleLorrie

[18:4:14]:
Location: Nashville at Nissan Stadium
Price: $1650
Quantity: 2
Seller: TolleLorrie

[18:10:5]:
Location: Nashville at Nissan Stadium
Price: $1650
Quantity: 2
Seller: TolleLorrie

[18:10:29]:
Location: Nashville at Nissan Stadium
Price: $1650
Quantity: 2
Seller: TolleLorrie

[18:11:6]:
Location: Nashville at Nissan Stadium
Price: $1650
Quantity: 2
Seller: TolleLorrie

[18:11:43]:
Location: Nashville at Nissan Stadium
Price: $1650
Quantity: 2
Seller: TolleLorrie

[18:18:15]:
Location: Nashville at Nissan Stadium
Price: $1650
Quantity: 2
Seller: TolleLorrie

[18:18:55]:
Location: Nashville at Nissan Stadium
Price: $1650
Quantity: 2
Seller: TolleLorrie

[18:19:18]:
Location: Nashville at Nissan Stadium
Price: $1650
Quantity: 2
Seller: TolleLorrie

[18:19:55]:
Location: Nashville at Nissan Stadium
Price: $1650
Quantity: 2
Seller: TolleLorrie

[18:20:25]:
Location: Nashville at Nissan Stadium
Price: $1650
Quantity: 2
Seller: TolleLorrie

[18:23:34]:
Location: Nashville at Nissan Stadium
Price: $1650
Quantity: 2
Seller: TolleLorrie

[0:27:18]:
Location: Philadelphia at Lincoln Financial Field Stadium
Price: $284
Quantity: 1
Seller: ravenxlix

[9:49:33]:
Location: Detroit at Ford Field Stadium
Price: $891
Quantity: 1
Seller: kenpettywap

[11:6:4]:
Location: Detroit at Ford Field Stadium
Price: $891
Quantity: 1
Seller: kenpettywap

[11:7:10]:
Location: Detroit at Ford Field Stadium
Price: $891
Quantity: 1
Seller: kenpettywap

[11:21:21]:
Location: Detroit at Ford Field Stadium
Price: $891
Quantity: 1
Seller: kenpettywap

[11:24:29]:
Location: Detroit at Ford Field Stadium
Price: $891
Quantity: 1
Seller: kenpettywap

[0:11:38]:
Location: Philadelphia at Lincoln Financial Field Stadium
Price: $355
Quantity: 1
Seller: makingmy0wnname

[0:14:2]:
Location: Philadelphia at Lincoln Financial Field Stadium
Price: $355
Quantity: 1
Seller: makingmy0wnname
Date: 5/14
Should purchase: False

[0:14:39]:
Location: Detroit at Ford Field Stadium
Price: $891
Quantity: 1
Seller: kenpettywap
Date: 6/9
Should purchase: True

[INFO 14:6:45]:Starting Twitter Bot

[INFO 14:11:43]:Starting Twitter Bot

[INFO 14:12:6]:
Location: Detroit at Ford Field Stadium
Price: $891
Quantity: 1
Seller: kenpettywap
Date: 6/9
Should purchase: True

[WARN 14:12:6]:Already messaged this user

[INFO 14:21:15]:Starting Twitter Bot

[INFO 14:22:16]:
Location: Detroit at Ford Field Stadium
Price: $891
Quantity: 1
Seller: kenpettywap
Date: 6/9
Should purchase: True

[WARN 14:22:16]:Already messaged this user

[INFO 14:22:29]:Starting Twitter Bot

[INFO 14:22:41]:
Location: Detroit at Ford Field Stadium
Price: $891
Quantity: 1
Seller: kenpettywap
Date: 6/9
Should purchase: True

[WARN 14:22:41]:Already messaged this user

[INFO 14:22:59]:Starting Twitter Bot

[INFO 14:23:12]:
Location: Detroit at Ford Field Stadium
Price: $891
Quantity: 1
Seller: kenpettywap
Date: 6/9
Should purchase: True

[INFO 14:23:23]:Messaged user

[INFO 14:23:29]:Starting Twitter Bot

[INFO 14:23:43]:
Location: Detroit at Ford Field Stadium
Price: $891
Quantity: 1
Seller: kenpettywap
Date: 6/9
Should purchase: True

[INFO 14:23:56]:Messaged user

[INFO 14:24:1]:Starting Twitter Bot

[INFO 14:24:23]:
Location: Detroit at Ford Field Stadium
Price: $891
Quantity: 1
Seller: kenpettywap
Date: 6/9
Should purchase: True

[INFO 14:24:54]:Starting Twitter Bot

[INFO 14:25:23]:
Location: Detroit at Ford Field Stadium
Price: $891
Quantity: 1
Seller: kenpettywap
Date: 6/9
Should purchase: True

[INFO 14:25:37]:Messaged user

[INFO 14:26:17]:Starting Twitter Bot

[INFO 14:26:37]:
Location: Detroit at Ford Field Stadium
Price: $891
Quantity: 1
Seller: kenpettywap
Date: 6/9
Should purchase: True

[INFO 14:26:50]:Messaged user

[INFO 14:28:5]:Starting Twitter Bot

[INFO 14:28:26]:
Location: Detroit at Ford Field Stadium
Price: $891
Quantity: 1
Seller: kenpettywap
Date: 6/9
Should purchase: True

[WARN 14:28:26]:Already messaged this user

[INFO 14:28:46]:
Location: Detroit at Ford Field Stadium
Price: $891
Quantity: 1
Seller: kenpettywap
Date: 6/9
Should purchase: True

[INFO 14:29:2]:Messaged user

[INFO 14:32:59]:Starting Twitter Bot

[INFO 14:33:34]:Metlife show found, purchasing

[INFO 14:33:34]:
Location: Detroit at Ford Field Stadium
Price: $891
Quantity: 1
Seller: kenpettywap
Date: 5/28
Should purchase: True

[INFO 14:34:53]:Starting Twitter Bot

[INFO 14:35:18]:Metlife show found, purchasing

[INFO 14:35:18]:
Location: Detroit at Ford Field Stadium
Price: $891
Quantity: 1
Seller: utahzen
Date: 5/28
Should purchase: True

[INFO 14:35:27]:Messaged user

[INFO 14:44:54]:Starting Twitter Bot

[INFO 14:45:11]:Metlife show found, purchasing

[INFO 14:45:11]:
Location: Detroit at Ford Field Stadium
Price: $891
Quantity: 1
Seller: kenpettywap
Date: 5/28
Should purchase: True

[INFO 14:45:18]:Starting Twitter Bot

[INFO 14:46:15]:Metlife show found, purchasing

[INFO 14:46:15]:
Location: Detroit at Ford Field Stadium
Price: $891
Quantity: 1
Seller: kenpettywap
Date: 5/28
Should purchase: True

[INFO 14:46:26]:Starting Twitter Bot

[INFO 16:48:31]:Starting Twitter Bot

[INFO 15:41:25]:Starting Twitter Bot

[INFO 1:10:29]:Starting Twitter Bot

[INFO 19:0:45]:
Location: Philadelphia at Lincoln Financial Field Stadium
Price: $327
Quantity: 1
Seller: bridgettechs
Date: 5/14
Should purchase: False

[WARN 19:0:45]:Already messaged this user

[INFO 19:2:7]:
Location: Philadelphia at Lincoln Financial Field Stadium
Price: $327
Quantity: 1
Seller: bridgettechs
Date: 5/21
Should purchase: True

[WARN 19:2:7]:Already messaged this user

[INFO 19:3:46]:Starting Twitter Bot

[INFO 19:4:17]: Starting Twitter Bot

[INFO 19:5:19]: Metlife show found, purchasing

[INFO 19:5:19]: 
Location: Philadelphia at Lincoln Financial Field Stadium
Price: $327
Quantity: 1
Seller: bridgettechs
Date: 5/28
Should purchase: True

[WARN 19:5:19]: Already messaged this user

[INFO 19:5:38]: Starting Twitter Bot

[INFO 19:5:56]: 
Location: Philadelphia at Lincoln Financial Field Stadium
Price: $327
Quantity: 1
Seller: bridgettechs
Date: 6/14
Should purchase: True

[INFO 19:7:48]: Messaged user

[INFO 19:9:19]: Starting Twitter Bot

[INFO 19:10:21]: Starting Twitter Bot

[INFO 19:10:34]: Tweet did not include ticket information


[INFO 19:20:03]: Starting Twitter Bot

[INFO 19:37:59]: Tweet did not include ticket information

[INFO 22:02:55]: Tweet did not include ticket information

[INFO 22:03:14]: Tweet did not include ticket information

[INFO 15:39:50]: Tweet did not include ticket information

[INFO 15:43:58]: Tweet did not include ticket information

[INFO 15:44:06]: Tweet did not include ticket information

[INFO 15:48:10]: Starting Twitter Bot

[INFO 15:50:55]: Tweet did not include ticket information

[INFO 15:58:11]: Starting Twitter Bot

[INFO 15:58:35]: Tweet did not include ticket information

[INFO 16:09:04]: Tweet did not include ticket information

[INFO 16:11:04]: Tweet did not include ticket information

[INFO 16:11:20]: Tweet did not include ticket information

[INFO 16:20:03]: Tweet did not include ticket information

[INFO 16:21:41]: Tweet did not include ticket information

[INFO 16:22:02]: Tweet did not include ticket information

[INFO 16:24:12]: Tweet did not include ticket information

[INFO 16:24:21]: Tweet did not include ticket information

[INFO 16:24:58]: Tweet did not include ticket information

[INFO 16:32:15]: Tweet did not include ticket information

[INFO 16:33:05]: Tweet did not include ticket information

[INFO 16:34:53]: Tweet did not include ticket information

[INFO 16:36:21]: Tweet did not include ticket information

[INFO 16:37:40]: Tweet did not include ticket information

[INFO 16:42:59]: Tweet did not include ticket information

[INFO 16:47:13]: Tweet did not include ticket information

[INFO 17:04:56]: Tweet did not include ticket information

[INFO 17:05:05]: Tweet did not include ticket information

[INFO 17:06:08]: Tweet did not include ticket information

[INFO 17:06:42]: Starting Twitter Bot

[INFO 17:06:52]: Tweet did not include ticket information

[INFO 17:07:50]: Tweet did not include ticket information

[INFO 17:08:31]: Starting Twitter Bot

[INFO 17:09:28]: 
Location: Philadelphia at Lincoln Financial Field Stadium TONIGHT
Price: $483
Quantity: 2
Seller: Jdic_
Date: 5/14
Should purchase: False

[WARN 17:09:28]: Already messaged this user

[INFO 17:11:45]: Starting Twitter Bot

[INFO 17:12:06]: 
Location: Philadelphia at Lincoln Financial Field Stadium TONIGHT
Price: $483.25
Quantity: 2
Seller: Jdic_
Date: 5/14
Should purchase: False

[WARN 17:12:06]: Already messaged this user

[INFO 17:12:30]: 
Location: Philadelphia at Lincoln Financial Field Stadium TONIGHT
Price: $483
Quantity: 2
Seller: Jdic_
Date: 5/14
Should purchase: False

[WARN 17:12:30]: Already messaged this user

[INFO 17:14:16]: Starting Twitter Bot

[INFO 17:21:25]: Starting Twitter Bot

[INFO 17:22:28]: Starting Twitter Bot

[INFO 17:23:25]: Starting Twitter Bot

[INFO 17:23:49]: Starting Twitter Bot

[INFO 17:23:58]: Tweet did not include ticket information ('NoneType' object has no attribute 'group')

[INFO 17:24:23]: Tweet did not include ticket information ('NoneType' object has no attribute 'group')

[INFO 17:26:29]: Starting Twitter Bot

[INFO 17:26:41]: Tweet did not include ticket information ('NoneType' object has no attribute 'group')

[INFO 17:26:49]: Tweet did not include ticket information ('NoneType' object has no attribute 'group')

[INFO 17:26:57]: Tweet did not include ticket information ('NoneType' object has no attribute 'group')

[INFO 17:27:15]: 
Location: Philadelphia at Lincoln Financial Field Stadium TONIGHT
Price: $483.25
Quantity: 2
Seller: Jdic_
Date: 5/14
Should purchase: False

[WARN 17:27:15]: Already messaged this user

[INFO 17:27:36]: 
Location: Philadelphia at Lincoln Financial Field Stadium TONIGHT
Price: $483
Quantity: 2
Seller: Jdic_
Date: 5/14
Should purchase: False

[WARN 17:27:36]: Already messaged this user

[INFO 17:27:55]: 
Location: Philadelphia at Lincoln Financial Field Stadium TONIGHT
Price: $483
Quantity: 2
Seller: Jdic_
Date: 5/29
Should purchase: True

[INFO 17:28:04]: Tweet did not include ticket information (Message: Unable to locate element: /html/body/div[1]/div/div/div[1]/div[2]/div/div/div/div/div/div[2]/div[2]/div/div/div/div[2]/div/div/div/form/div[1]/div/div/div/label/div[2]/div/input
Stacktrace:
RemoteError@chrome://remote/content/shared/RemoteError.jsm:12:1
WebDriverError@chrome://remote/content/shared/webdriver/Errors.jsm:192:5
NoSuchElementError@chrome://remote/content/shared/webdriver/Errors.jsm:404:5
element.find/</<@chrome://remote/content/marionette/element.js:291:16
)

[INFO 17:29:39]: 
Location: Philadelphia at Lincoln Financial Field Stadium TONIGHT
Price: $483
Quantity: 2
Seller: Jdic_
Date: 5/29
Should purchase: True

[INFO 17:29:48]: Tweet did not include ticket information (Message: Unable to locate element: /html/body/div[1]/div/div/div[1]/div[2]/div/div/div/div/div/div[2]/div[2]/div/div/div/div[2]/div/div/div/form/div[1]/div/div/div/label/div[2]/div/input
Stacktrace:
RemoteError@chrome://remote/content/shared/RemoteError.jsm:12:1
WebDriverError@chrome://remote/content/shared/webdriver/Errors.jsm:192:5
NoSuchElementError@chrome://remote/content/shared/webdriver/Errors.jsm:404:5
element.find/</<@chrome://remote/content/marionette/element.js:291:16
)

[INFO 17:30:22]: 
Location: Philadelphia at Lincoln Financial Field Stadium TONIGHT
Price: $483
Quantity: 2
Seller: Jdic_
Date: 5/14
Should purchase: False

[WARN 17:30:22]: Already messaged this user

[INFO 17:30:38]: 
Location: Philadelphia at Lincoln Financial Field Stadium TONIGHT
Price: $483
Quantity: 2
Seller: Jdic_
Date: 5/30
Should purchase: True

[INFO 17:30:47]: Tweet did not include ticket information (Message: Unable to locate element: /html/body/div[1]/div/div/div[1]/div[2]/div/div/div/div/div/div[2]/div[2]/div/div/div/div[2]/div/div/div/form/div[1]/div/div/div/label/div[2]/div/input
Stacktrace:
RemoteError@chrome://remote/content/shared/RemoteError.jsm:12:1
WebDriverError@chrome://remote/content/shared/webdriver/Errors.jsm:192:5
NoSuchElementError@chrome://remote/content/shared/webdriver/Errors.jsm:404:5
element.find/</<@chrome://remote/content/marionette/element.js:291:16
)

[INFO 17:31:43]: 
Location: Philadelphia at Lincoln Financial Field Stadium TONIGHT
Price: $483
Quantity: 2
Seller: Jdic_
Date: 5/30
Should purchase: True

[INFO 17:31:52]: Tweet did not include ticket information (Message: Unable to locate element: /html/body/div[1]/div/div/div[1]/div[2]/div/div/div/div/div/div[2]/div[2]/div/div/div/div[2]/div/div/div/form/div[1]/div/div/div/label/div[2]/div/input
Stacktrace:
RemoteError@chrome://remote/content/shared/RemoteError.jsm:12:1
WebDriverError@chrome://remote/content/shared/webdriver/Errors.jsm:192:5
NoSuchElementError@chrome://remote/content/shared/webdriver/Errors.jsm:404:5
element.find/</<@chrome://remote/content/marionette/element.js:291:16
)

[INFO 17:32:36]: Starting Twitter Bot

[INFO 17:32:51]: Tweet did not include ticket information ('NoneType' object has no attribute 'group')

[INFO 17:33:23]: 
Location: Philadelphia at Lincoln Financial Field Stadium TONIGHT
Price: $483
Quantity: 2
Seller: Jdic_
Date: 5/30
Should purchase: True

[INFO 17:33:29]: Tweet did not include ticket information (Message: Unable to locate element: /html/body/div[1]/div/div/div[1]/div[2]/div/div/div/div/div/div[2]/div[2]/div/div/div/div[2]/div/div/div/form/div[1]/div/div/div/label/div[2]/div/input
Stacktrace:
RemoteError@chrome://remote/content/shared/RemoteError.jsm:12:1
WebDriverError@chrome://remote/content/shared/webdriver/Errors.jsm:192:5
NoSuchElementError@chrome://remote/content/shared/webdriver/Errors.jsm:404:5
element.find/</<@chrome://remote/content/marionette/element.js:291:16
)

[INFO 17:34:41]: Starting Twitter Bot

[INFO 17:34:52]: Tweet did not include ticket information ('NoneType' object has no attribute 'group')

[INFO 17:35:00]: Tweet did not include ticket information ('NoneType' object has no attribute 'group')

[INFO 17:35:02]: Tweet did not include ticket information ('NoneType' object has no attribute 'group')

[INFO 17:35:04]: Tweet did not include ticket information ('NoneType' object has no attribute 'group')

[INFO 17:35:12]: 
Location: Philadelphia at Lincoln Financial Field Stadium TONIGHT
Price: $483
Quantity: 2
Seller: Jdic_
Date: 5/30
Should purchase: True

[INFO 17:35:21]: Tweet did not include ticket information (Message: Unable to locate element: /html/body/div[1]/div/div/div[1]/div[2]/div/div/div/div/div/div[2]/div[2]/div/div/div/div[2]/div/div/div/form/div[1]/div/div/div/label/div[2]/div/input
Stacktrace:
RemoteError@chrome://remote/content/shared/RemoteError.jsm:12:1
WebDriverError@chrome://remote/content/shared/webdriver/Errors.jsm:192:5
NoSuchElementError@chrome://remote/content/shared/webdriver/Errors.jsm:404:5
element.find/</<@chrome://remote/content/marionette/element.js:291:16
)

[INFO 17:35:47]: Starting Twitter Bot

[INFO 17:35:57]: Tweet did not include ticket information ('NoneType' object has no attribute 'group')

[INFO 17:36:01]: Tweet did not include ticket information ('NoneType' object has no attribute 'group')

[INFO 17:36:03]: Tweet did not include ticket information ('NoneType' object has no attribute 'group')

[INFO 17:36:04]: Tweet did not include ticket information ('NoneType' object has no attribute 'group')

[INFO 17:36:10]: 
Location: Philadelphia at Lincoln Financial Field Stadium TONIGHT
Price: $483
Quantity: 2
Seller: Jdic_
Date: 5/30
Should purchase: True

[INFO 17:36:21]: Tweet did not include ticket information (Message: Unable to locate element: /html/body/div[1]/div/div/div[1]/div[2]/div/div/div/div/div/div[2]/div[2]/div/div/div/div[2]/div/div/div/form/div[1]/div/div/div/label/div[2]/div/input
Stacktrace:
RemoteError@chrome://remote/content/shared/RemoteError.jsm:12:1
WebDriverError@chrome://remote/content/shared/webdriver/Errors.jsm:192:5
NoSuchElementError@chrome://remote/content/shared/webdriver/Errors.jsm:404:5
element.find/</<@chrome://remote/content/marionette/element.js:291:16
)

[INFO 17:36:38]: Starting Twitter Bot

[INFO 17:36:57]: 
Location: Philadelphia at Lincoln Financial Field Stadium TONIGHT
Price: $483
Quantity: 2
Seller: Jdic_
Date: 5/30
Should purchase: True

[INFO 17:37:09]: Tweet did not include ticket information (Message: Unable to locate element: /html/body/div[1]/div/div/div[1]/div[2]/div/div/div/div/div/div[2]/div[2]/div/div/div/div[2]/div/div/div/form/div[1]/div/div/div/label/div[2]/div/input
Stacktrace:
RemoteError@chrome://remote/content/shared/RemoteError.jsm:12:1
WebDriverError@chrome://remote/content/shared/webdriver/Errors.jsm:192:5
NoSuchElementError@chrome://remote/content/shared/webdriver/Errors.jsm:404:5
element.find/</<@chrome://remote/content/marionette/element.js:291:16
)

[INFO 17:37:50]: Starting Twitter Bot

[INFO 17:38:15]: Starting Twitter Bot

[INFO 17:38:30]: 
Location: Philadelphia at Lincoln Financial Field Stadium TONIGHT
Price: $483
Quantity: 2
Seller: Jdic_
Date: 5/30
Should purchase: True

[ERROR 17:38:40]: User Jdic_ not found (did not come up first in the search bar)

[INFO 17:38:40]: Messaged user

[INFO 17:40:08]: Starting Twitter Bot

[INFO 17:40:24]: 
Location: Philadelphia at Lincoln Financial Field Stadium TONIGHT
Price: $483
Quantity: 2
Seller: Jdic_
Date: 5/30
Should purchase: True

[WARN 17:40:24]: Already messaged this user

[INFO 17:40:33]: 
Location: Philadelphia at Lincoln Financial Field Stadium TONIGHT
Price: $483
Quantity: 2
Seller: Jdic_
Date: 5/30
Should purchase: True

[INFO 17:40:42]: Tweet did not include ticket information (Message: Unable to locate element: /html/body/div[1]/div/div/div[1]/div[2]/div/div/div/div/div/div[2]/div[2]/div/div/div/div[2]/div/div/div/form/div[1]/div/div/div/label/div[2]/div/input
Stacktrace:
RemoteError@chrome://remote/content/shared/RemoteError.jsm:12:1
WebDriverError@chrome://remote/content/shared/webdriver/Errors.jsm:192:5
NoSuchElementError@chrome://remote/content/shared/webdriver/Errors.jsm:404:5
element.find/</<@chrome://remote/content/marionette/element.js:291:16
)

[INFO 17:41:21]: Starting Twitter Bot

[INFO 17:41:39]: 
Location: Philadelphia at Lincoln Financial Field Stadium TONIGHT
Price: $483
Quantity: 2
Seller: Jdic_
Date: 5/30
Should purchase: True

[INFO 17:41:48]: Tweet did not include ticket information (Message: Unable to locate element: /html/body/div[1]/div/div/div[1]/div[2]/div/div/div/div/div/div[2]/div[2]/div/div/div/div[2]/div/div/div/form/div[1]/div/div/div/label/div[2]/div/input
Stacktrace:
RemoteError@chrome://remote/content/shared/RemoteError.jsm:12:1
WebDriverError@chrome://remote/content/shared/webdriver/Errors.jsm:192:5
NoSuchElementError@chrome://remote/content/shared/webdriver/Errors.jsm:404:5
element.find/</<@chrome://remote/content/marionette/element.js:291:16
)

[INFO 17:42:11]: Tweet did not include ticket information ('NoneType' object has no attribute 'group')

[INFO 17:42:23]: 
Location: Philadelphia at Lincoln Financial Field Stadium TONIGHT
Price: $483
Quantity: 2
Seller: Jdic_
Date: 5/30
Should purchase: True

[INFO 17:42:32]: Tweet did not include ticket information (Message: Unable to locate element: /html/body/div[1]/div/div/div[1]/div[2]/div/div/div/div/div/div[2]/div[2]/div/div/div/div[2]/div/div/div/form/div[1]/div/div/div/label/div[2]/div/input
Stacktrace:
RemoteError@chrome://remote/content/shared/RemoteError.jsm:12:1
WebDriverError@chrome://remote/content/shared/webdriver/Errors.jsm:192:5
NoSuchElementError@chrome://remote/content/shared/webdriver/Errors.jsm:404:5
element.find/</<@chrome://remote/content/marionette/element.js:291:16
)

[INFO 17:43:05]: Starting Twitter Bot

[INFO 17:43:23]: Starting Twitter Bot

[INFO 17:43:36]: Tweet did not include ticket information ('NoneType' object has no attribute 'group')

[INFO 17:43:58]: 
Location: Philadelphia at Lincoln Financial Field Stadium TONIGHT
Price: $483
Quantity: 2
Seller: Jdic_
Date: 5/30
Should purchase: True

[INFO 17:44:06]: Messaged user

[INFO 17:45:02]: 
Location: Philadelphia at Lincoln Financial Field Stadium TONIGHT
Price: $483
Quantity: 2
Seller: Jdic_
Date: 5/30
Should purchase: True

[WARN 17:45:02]: Already messaged this user

[INFO 17:45:10]: Starting Twitter Bot

[INFO 17:45:22]: Tweet did not include ticket information ('NoneType' object has no attribute 'group')

[INFO 17:45:37]: Tweet did not include ticket information ('NoneType' object has no attribute 'group')

[INFO 17:45:51]: 
Location: Philadelphia at Lincoln Financial Field Stadium TONIGHT
Price: $483
Quantity: 2
Seller: Jdic_
Date: 5/30
Should purchase: True

[INFO 17:45:57]: Messaged user

[INFO 17:46:19]: Starting Twitter Bot

[INFO 17:47:02]: Tweet did not include ticket information ('NoneType' object has no attribute 'group')

[INFO 17:47:15]: 
Location: Philadelphia at Lincoln Financial Field Stadium TONIGHT
Price: $483
Quantity: 2
Seller: Jdic_
Date: 5/30
Should purchase: True

[INFO 17:47:22]: Messaged user

[INFO 17:48:10]: Tweet did not include ticket information ('NoneType' object has no attribute 'group')

[INFO 17:51:23]: Tweet did not include ticket information ('NoneType' object has no attribute 'group')

[INFO 17:51:50]: Tweet did not include ticket information ('NoneType' object has no attribute 'group')

[INFO 17:51:59]: Starting Twitter Bot

[INFO 17:52:29]: Tweet did not include ticket information ('NoneType' object has no attribute 'group')

[INFO 17:52:37]: Tweet did not include ticket information ('NoneType' object has no attribute 'group')

[INFO 17:53:01]: Tweet did not include ticket information ('NoneType' object has no attribute 'group')

[INFO 17:53:14]: 
Location: Philadelphia at Lincoln Financial Field Stadium TONIGHT
Price: $483
Quantity: 2
Seller: Jdic_
Date: 5/30
Should purchase: True

[INFO 17:53:21]: Messaged user

[INFO 17:57:36]: Tweet did not include ticket information ('NoneType' object has no attribute 'group')

[INFO 18:00:36]: Starting Twitter Bot

[INFO 18:00:50]: Tweet did not include ticket information ('NoneType' object has no attribute 'group')

[INFO 18:01:02]: 
Location: Philadelphia at Lincoln Financial Field Stadium TONIGHT
Price: $483
Quantity: 2
Seller: Jdic_
Date: 5/30
Should purchase: True

[WARN 18:01:02]: Already messaged this user

[INFO 18:01:22]: 
Location: Philadelphia at Lincoln Financial Field Stadium TONIGHT
Price: $483
Quantity: 2
Seller: Jdic_
Date: 5/30
Should purchase: True

[ERROR 18:01:23]: User Jdic_ not found (did not come up first in the search bar)

[INFO 18:02:00]: Starting Twitter Bot

[INFO 18:02:11]: Tweet did not include ticket information ('NoneType' object has no attribute 'group')

[INFO 18:02:22]: 
Location: Philadelphia at Lincoln Financial Field Stadium TONIGHT
Price: $483
Quantity: 2
Seller: Jdic_
Date: 5/30
Should purchase: True

[INFO 18:02:26]: Messaged user

[INFO 18:02:37]: Starting Twitter Bot

[INFO 18:02:49]: Starting Twitter Bot

[INFO 18:02:59]: Tweet did not include ticket information ('NoneType' object has no attribute 'group')

[INFO 18:04:11]: Starting Twitter Bot

[INFO 18:04:21]: Tweet did not include ticket information ('NoneType' object has no attribute 'group')

[INFO 18:04:35]: 
Location: Philadelphia at Lincoln Financial Field Stadium TONIGHT
Price: $483
Quantity: 2
Seller: Jdic_
Date: 5/30
Should purchase: True

[WARN 18:04:35]: Already messaged this user

[INFO 18:04:57]: 
Location: Philadelphia at Lincoln Financial Field Stadium TONIGHT
Price: $483
Quantity: 2
Seller: Jdic_
Date: 5/30
Should purchase: True

[INFO 18:05:01]: Tweet did not include ticket information (Message: Element <div class=""> is not reachable by keyboard
Stacktrace:
RemoteError@chrome://remote/content/shared/RemoteError.jsm:12:1
WebDriverError@chrome://remote/content/shared/webdriver/Errors.jsm:192:5
ElementNotInteractableError@chrome://remote/content/shared/webdriver/Errors.jsm:302:5
webdriverSendKeysToElement@chrome://remote/content/marionette/interaction.js:625:13
interaction.sendKeysToElement@chrome://remote/content/marionette/interaction.js:601:11
sendKeysToElement@chrome://remote/content/marionette/actors/MarionetteCommandsChild.jsm:504:29
receiveMessage@chrome://remote/content/marionette/actors/MarionetteCommandsChild.jsm:152:31
)

[INFO 18:06:24]: Starting Twitter Bot

[INFO 18:06:36]: Tweet did not include ticket information ('NoneType' object has no attribute 'group')

[INFO 18:06:51]: 
Location: Philadelphia at Lincoln Financial Field Stadium TONIGHT
Price: $483
Quantity: 2
Seller: Jdic_
Date: 5/30
Should purchase: True

[INFO 18:06:55]: Messaged user

[INFO 18:08:31]: Starting Twitter Bot

[INFO 18:08:42]: Tweet did not include ticket information (('Connection aborted.', RemoteDisconnected('Remote end closed connection without response')))

[INFO 18:08:54]: Starting Twitter Bot

[INFO 18:09:04]: Tweet did not include ticket information ('NoneType' object has no attribute 'group')

[INFO 18:09:26]: 
Location: Philadelphia at Lincoln Financial Field Stadium
Price: $327
Quantity: 1
Seller: bridgettechs
Date: 5/14
Should purchase: False

[WARN 18:09:26]: Already messaged this user

[INFO 18:10:06]: Starting Twitter Bot

[INFO 18:10:19]: Tweet did not include ticket information ('NoneType' object has no attribute 'group')

[INFO 18:10:57]: 
Location: Philadelphia at Lincoln Financial Field Stadium
Price: $327
Quantity: 1
Seller: bridgettechs
Date: 5/11
Should purchase: False

[WARN 18:10:57]: Already messaged this user

[INFO 18:11:31]: 
Location: Philadelphia at Lincoln Financial Field Stadium
Price: $327
Quantity: 1
Seller: bridgettechs
Date: 5/31
Should purchase: True

[INFO 18:11:37]: Messaged user

[INFO 18:12:09]: Tweet did not include ticket information ('NoneType' object has no attribute 'group')

[INFO 18:14:13]: Tweet did not include ticket information ('NoneType' object has no attribute 'group')

[INFO 18:28:01]: 
Location: Philadelphia at Lincoln Financial Field Stadium
Price: $327
Quantity: 1
Seller: bridgettechs
Date: 5/27
Should purchase: True

[WARN 18:28:01]: Already messaged this user

[INFO 18:28:19]: Metlife show found, purchasing

[INFO 18:28:19]: 
Location: Philadelphia at Lincoln Financial Field Stadium
Price: $327
Quantity: 1
Seller: bridgettechs
Date: 5/28
Should purchase: True

[INFO 18:28:26]: Messaged user

[INFO 20:59:22]: 
Location: Philadelphia at Lincoln Financial Field Stadium TONIGHT
Price: $485
Quantity: 1
Seller: AlexHCraw
Date: 5/14
Should purchase: False

[WARN 20:59:22]: Already messaged this user

[INFO 20:59:22]: 
Location: Philadelphia at Lincoln Financial Field Stadium TONIGHT
Price: $485
Quantity: 1
Seller: AlexHCraw
Date: 5/14
Should purchase: False

[WARN 20:59:22]: Already messaged this user

[INFO 20:59:49]: Tweet did not include ticket information ('NoneType' object has no attribute 'group')

[INFO 21:38:19]: Tweet did not include ticket information ('NoneType' object has no attribute 'group')

[INFO 10:31:47]: Starting Twitter Bot

[INFO 15:06:05]: Tweet did not include ticket information ('NoneType' object has no attribute 'group')

[INFO 16:14:59]: Tweet did not include ticket information ('NoneType' object has no attribute 'group')

[INFO 19:21:03]: Tweet did not include ticket information ('NoneType' object has no attribute 'group')

[INFO 19:21:06]: Tweet did not include ticket information ('NoneType' object has no attribute 'group')

[INFO 19:33:02]: Tweet did not include ticket information ('NoneType' object has no attribute 'group')

[INFO 20:29:54]: Tweet did not include ticket information ('NoneType' object has no attribute 'group')

[INFO 12:11:21]: Starting Twitter Bot

[INFO 12:15:40]: 
Location: East Rutherford at Metlife Stadium
Price: $886
Quantity: 2
Seller: cauliflowerwing
Date: 5/27
Should purchase: True

[INFO 12:15:48]: Tweet did not include ticket information (Message: Unable to locate element: /html/body/div[1]/div/div/div[1]/div[2]/div/div/div/div/div/div[2]/div[2]/div/div/div/div[2]/div/div/div/form/div[1]/div/div/div/label/div[2]/div/input
Stacktrace:
RemoteError@chrome://remote/content/shared/RemoteError.jsm:12:1
WebDriverError@chrome://remote/content/shared/webdriver/Errors.jsm:192:5
NoSuchElementError@chrome://remote/content/shared/webdriver/Errors.jsm:404:5
element.find/</<@chrome://remote/content/marionette/element.js:291:16
)

[INFO 12:15:49]: 
Location: East Rutherford at Metlife Stadium
Price: $886
Quantity: 2
Seller: cauliflowerwing
Date: 5/27
Should purchase: True

[INFO 12:15:58]: Tweet did not include ticket information (Message: Unable to locate element: /html/body/div[1]/div/div/div[1]/div[2]/div/div/div/div/div/div[2]/div[2]/div/div/div/div[2]/div/div/div/form/div[1]/div/div/div/label/div[2]/div/input
Stacktrace:
RemoteError@chrome://remote/content/shared/RemoteError.jsm:12:1
WebDriverError@chrome://remote/content/shared/webdriver/Errors.jsm:192:5
NoSuchElementError@chrome://remote/content/shared/webdriver/Errors.jsm:404:5
element.find/</<@chrome://remote/content/marionette/element.js:291:16
)

[INFO 12:16:38]: Tweet did not include ticket information ('NoneType' object has no attribute 'group')

[INFO 12:17:56]: 
Location: Philadelphia at Lincoln Financial Field Stadium
Price: $327
Quantity: 1
Seller: bridgettechs
Date: 5/20
Should purchase: True

[INFO 12:18:01]: Messaged user

[INFO 12:19:24]: Starting Twitter Bot

[INFO 12:24:15]: Starting Twitter Bot

[INFO 12:24:27]: Tweet did not include ticket information ('NoneType' object has no attribute 'group')

[INFO 12:24:45]: 
Location: Philadelphia at Lincoln Financial Field Stadium
Price: $327
Quantity: 1
Seller: utahzen
Date: 5/20
Should purchase: True

[INFO 12:24:52]: Messaged user

[INFO 12:26:51]: Starting Twitter Bot

[INFO 12:27:04]: Tweet did not include ticket information ('NoneType' object has no attribute 'group')

[INFO 12:27:29]: Tweet did not include ticket information ('NoneType' object has no attribute 'group')

[INFO 12:27:29]: 
Location: Philadelphia at Lincoln Financial Field Stadium
Price: $327
Quantity: 1
Seller: utahzen
Date: 5/21
Should purchase: True

[WARN 12:27:29]: Already messaged this user

[INFO 12:29:07]: 
Location: Philadelphia at Lincoln Financial Field Stadium
Price: $327
Quantity: 1
Seller: utahzen
Date: 5/22
Should purchase: True

[INFO 12:29:17]: Tweet did not include ticket information (Message: Unable to locate element: /html/body/div[1]/div/div/div[2]/main/div/div/div/section[2]/div/div/div[2]/div/div/aside/div[2]/div[2]/div/div/div/div/div/label/div[1]/div/div/div/div/div/div[2]/div/div/div/div
Stacktrace:
RemoteError@chrome://remote/content/shared/RemoteError.jsm:12:1
WebDriverError@chrome://remote/content/shared/webdriver/Errors.jsm:192:5
NoSuchElementError@chrome://remote/content/shared/webdriver/Errors.jsm:404:5
element.find/</<@chrome://remote/content/marionette/element.js:291:16
)

[INFO 12:29:34]: Starting Twitter Bot

[INFO 12:29:46]: Tweet did not include ticket information ('NoneType' object has no attribute 'group')

[INFO 12:30:26]: 
Location: Philadelphia at Lincoln Financial Field Stadium
Price: $327
Quantity: 1
Seller: utahzen
Date: 5/23
Should purchase: True

[INFO 12:30:36]: Tweet did not include ticket information (Message: Unable to locate element: /html/body/div[1]/div/div/div[2]/main/div/div/div/section[2]/div/div/div[2]/div/div/aside/div[2]/div[2]/div/div/div/div/div/label/div[1]/div/div/div/div/div/div[2]/div/div/div/div
Stacktrace:
RemoteError@chrome://remote/content/shared/RemoteError.jsm:12:1
WebDriverError@chrome://remote/content/shared/webdriver/Errors.jsm:192:5
NoSuchElementError@chrome://remote/content/shared/webdriver/Errors.jsm:404:5
element.find/</<@chrome://remote/content/marionette/element.js:291:16
)

[INFO 12:31:54]: Starting Twitter Bot

[INFO 12:32:08]: Tweet did not include ticket information ('NoneType' object has no attribute 'group')

[INFO 12:32:39]: 
Location: Philadelphia at Lincoln Financial Field Stadium
Price: $327
Quantity: 1
Seller: utahzen
Date: 5/25
Should purchase: True

[INFO 12:32:49]: Tweet did not include ticket information (Message: Unable to locate element: /html/body/div[1]/div/div/div[2]/main/div/div/div/section[2]/div/div/div[2]/div/div/aside/div[2]/div[2]/div/div/div/div/div/label/div[1]/div/div/div/div/div/div[2]/div/div/div/div
Stacktrace:
RemoteError@chrome://remote/content/shared/RemoteError.jsm:12:1
WebDriverError@chrome://remote/content/shared/webdriver/Errors.jsm:192:5
NoSuchElementError@chrome://remote/content/shared/webdriver/Errors.jsm:404:5
element.find/</<@chrome://remote/content/marionette/element.js:291:16
)

[INFO 12:33:58]: Starting Twitter Bot

[INFO 12:34:17]: Tweet did not include ticket information ('NoneType' object has no attribute 'group')

[INFO 12:34:40]: 
Location: Philadelphia at Lincoln Financial Field Stadium
Price: $327
Quantity: 1
Seller: utahzen
Date: 5/26
Should purchase: True

[INFO 12:34:46]: Messaged user

[INFO 12:35:48]: Starting Twitter Bot

[INFO 12:35:59]: Tweet did not include ticket information ('NoneType' object has no attribute 'group')

[INFO 12:36:33]: 
Location: Philadelphia at Lincoln Financial Field Stadium
Price: $327
Quantity: 1
Seller: utahzen
Date: 5/27
Should purchase: True

[INFO 12:36:39]: Messaged user

[INFO 12:40:18]: Starting Twitter Bot

[INFO 12:40:27]: Tweet did not include ticket information ('NoneType' object has no attribute 'group')

[INFO 12:40:54]: Metlife show found, purchasing

[INFO 12:40:54]: 
Location: Philadelphia at Lincoln Financial Field Stadium
Price: $327
Quantity: 1
Seller: utahzen
Date: 5/28
Should purchase: True

[INFO 12:41:01]: Messaged user

[INFO 12:41:10]: Tweet did not include ticket information ('NoneType' object has no attribute 'group')

[INFO 12:41:46]: Starting Twitter Bot

[INFO 12:42:00]: Tweet did not include ticket information ('NoneType' object has no attribute 'group')

[INFO 12:42:42]: 
Location: Philadelphia at Lincoln Financial Field Stadium
Price: $327
Quantity: 1
Seller: utahzen
Date: 5/29
Should purchase: True

[INFO 12:42:50]: Messaged user

[INFO 12:43:54]: 
Location: Philadelphia at Lincoln Financial Field Stadium
Price: $327
Quantity: 1
Seller: utahzen
Date: 5/30
Should purchase: True

[INFO 12:44:02]: Messaged user

[INFO 12:51:44]: Tweet did not include ticket information ('NoneType' object has no attribute 'group')

[INFO 13:55:03]: Tweet did not include ticket information ('NoneType' object has no attribute 'group')

[INFO 14:11:17]: Tweet did not include ticket information ('NoneType' object has no attribute 'group')

[INFO 14:11:19]: Tweet did not include ticket information ('NoneType' object has no attribute 'group')

[INFO 14:16:03]: Tweet did not include ticket information ('NoneType' object has no attribute 'group')

[INFO 14:16:28]: Tweet did not include ticket information ('NoneType' object has no attribute 'group')

[INFO 14:18:03]: Tweet did not include ticket information ('NoneType' object has no attribute 'group')

[INFO 14:18:04]: Tweet did not include ticket information ('NoneType' object has no attribute 'group')

[INFO 14:19:03]: Tweet did not include ticket information ('NoneType' object has no attribute 'group')

[INFO 14:19:04]: Tweet did not include ticket information ('NoneType' object has no attribute 'group')

[INFO 14:42:42]: Tweet did not include ticket information ('NoneType' object has no attribute 'group')

[INFO 14:45:19]: Tweet did not include ticket information ('NoneType' object has no attribute 'group')

[INFO 14:46:47]: 
Location: Detroit at Ford Field Stadium
Price: $961
Quantity: 3
Seller: diannashIey
Date: 6/9
Should purchase: True

[INFO 14:46:54]: Messaged user

[INFO 14:46:56]: 
Location: Detroit at Ford Field Stadium
Price: $961
Quantity: 3
Seller: diannashIey
Date: 6/9
Should purchase: True

[WARN 14:46:56]: Already messaged this user

[INFO 14:54:05]: Starting Twitter Bot

[INFO 14:55:42]: Starting Twitter Bot

[INFO 14:55:58]: Tweet did not include ticket information ('NoneType' object has no attribute 'group')

[INFO 14:56:00]: Tweet did not include ticket information ('NoneType' object has no attribute 'group')

[INFO 14:56:43]: 
Location: Philadelphia at Lincoln Financial Field Stadium
Price: $327
Quantity: 1
Seller: utahzen
Date: 6/1
Should purchase: True

[WARN 14:56:43]: Already messaged this user

[INFO 14:57:21]: 
Location: Philadelphia at Lincoln Financial Field Stadium
Price: $327
Quantity: 1
Seller: utahzen
Date: 6/2
Should purchase: True

[INFO 14:57:30]: Messaged user

[INFO 14:58:40]: Tweet did not include ticket information ('NoneType' object has no attribute 'group')